2017-08-23 17:09:02|   1.1|  1.1|INFORM|FME 2015.1.0.2 (20150525 - Build 15482 - WIN32)
2017-08-23 17:09:02|   1.1|  0.0|INFORM|FME_HOME is 'C:\Apps\FME_2015_32_bits\'
2017-08-23 17:09:02|   1.1|  0.0|INFORM|FME Professional Edition (node locked-crc)
2017-08-23 17:09:02|   1.1|  0.0|INFORM|Serial Number: CDFH-2GE4-10PY-9WFH
2017-08-23 17:09:02|   1.1|  0.0|INFORM|Permanent License.
2017-08-23 17:09:02|   1.1|  0.0|INFORM|Machine host name is: POLEMON
2017-08-23 17:09:02|   1.1|  0.0|INFORM|START - ProcessID: 4944, peak process memory usage: 40312 kB, current process memory usage: 40312 kB
2017-08-23 17:09:02|   1.1|  0.0|INFORM|FME Configuration: Command line arguments are `C:\Apps\FME_2015_32_bits\fme.exe' `C:/Users/tbeguey/Documents/GitHub/GIPATGeRiBSD/fme\wb-xlate-1503500940605_6344' `LOG_STANDARDOUT' `YES' `LogCountServerName' `{4fa57d9f-0ec2-4ea6-a3ad-a57e1d9a8f5b}'
2017-08-23 17:09:02|   1.1|  0.0|INFORM|Shared folders for formats are : C:\Apps\FME_2015_32_bits\datasources;C:\Users\tbeguey\Documents\FME\Formats
2017-08-23 17:09:02|   1.1|  0.0|INFORM|Shared folders for transformers are : C:\Apps\FME_2015_32_bits\transformers;C:\Users\tbeguey\Documents\FME\Transformers
2017-08-23 17:09:02|   1.1|  0.0|INFORM|Shared folders for coordinate systems are : C:\Users\tbeguey\Documents\FME\CoordinateSystems
2017-08-23 17:09:02|   1.1|  0.0|INFORM|Shared folders for coordinate system exceptions are : C:\Users\tbeguey\Documents\FME\CoordinateSystemExceptions
2017-08-23 17:09:02|   1.1|  0.0|INFORM|Shared folders for coordinate system grid overrides are : C:\Users\tbeguey\Documents\FME\CoordinateSystemGridOverrides
2017-08-23 17:09:02|   1.1|  0.0|INFORM|Shared folders for CS-MAP transformation exceptions are : C:\Users\tbeguey\Documents\FME\CsmapTransformationExceptions
2017-08-23 17:09:02|   1.1|  0.0|INFORM|Shared folders for transformer categories are : C:\Users\tbeguey\Documents\FME\TransformerCategories
2017-08-23 17:09:02|   1.1|  0.0|INFORM|FME Configuration: Reader Keyword is `MDB_ADO_1'
2017-08-23 17:09:02|   1.1|  0.0|INFORM|FME Configuration: Writer Keyword is `MULTI_WRITER'
2017-08-23 17:09:02|   1.1|  0.0|INFORM|FME Configuration: Writer Group Definition Keyword is `MULTI_WRITER_DEF'
2017-08-23 17:09:02|   1.1|  0.0|INFORM|FME Configuration: Reader type is `MDB_ADO'
2017-08-23 17:09:02|   1.1|  0.0|INFORM|FME Configuration: Writer type is `MULTI_WRITER'
2017-08-23 17:09:02|   1.1|  0.0|INFORM|FME Configuration: No destination coordinate system set
2017-08-23 17:09:02|   1.1|  0.0|INFORM|FME Configuration: Current working folder is `C:\Users\tbeguey\Documents\GitHub\GIPATGeRiBSD\fme'
2017-08-23 17:09:02|   1.1|  0.0|INFORM|FME Configuration: Temporary folder is `C:\Users\tbeguey\AppData\Local\Temp'
2017-08-23 17:09:02|   1.1|  0.0|INFORM|FME Configuration: FME_HOME is `C:\Apps\FME_2015_32_bits\'
2017-08-23 17:09:02|   1.1|  0.0|INFORM|FME Configuration: FME_BASE is 'no'
2017-08-23 17:09:02|   1.1|  0.0|INFORM|FME Configuration: FME_MF_DIR is 'C:\Users\tbeguey\Documents\GitHub\GIPATGeRiBSD\fme/'
2017-08-23 17:09:02|   1.1|  0.0|INFORM|FME Configuration: FME_MF_NAME is 'bsd.fmw'
2017-08-23 17:09:02|   1.1|  0.0|INFORM|FME Configuration: FME_PRODUCT_NAME is 'FME(R) 2015.1.0.2'
2017-08-23 17:09:02|   1.1|  0.0|INFORM|System Status: 310.44 GB of disk space available in the FME temporary folder (C:\Users\tbeguey\AppData\Local\Temp)
2017-08-23 17:09:02|   1.1|  0.0|INFORM|System Status: 4.00 GB of virtual memory available
2017-08-23 17:09:02|   1.1|  0.0|INFORM|Operating System: Microsoft Windows 7 64-bit Service Pack 1 (Build 7601)
2017-08-23 17:09:02|   1.1|  0.0|INFORM|FME Platform: WIN32
2017-08-23 17:09:02|   1.1|  0.0|INFORM|Locale: fr_FR
2017-08-23 17:09:02|   1.1|  0.0|INFORM|Code Page: 1252  (ANSI - latin I)
2017-08-23 17:09:02|   1.1|  0.0|INFORM|FME Configuration: Process limits are 7.96 GB of physical memory and 4.00 GB of address space
2017-08-23 17:09:02|   1.1|  0.0|INFORM|FME Configuration: Start freeing memory when process usage exceeds 2.83 GB of memory or 3.41 GB of address space
2017-08-23 17:09:02|   1.1|  0.0|INFORM|FME Configuration: Stop freeing memory when process usage is below 2.12 GB of memory and 2.56 GB of address space
2017-08-23 17:09:02|   1.2|  0.0|INFORM|Creating writer for format: 
2017-08-23 17:09:02|   1.2|  0.0|INFORM|Creating reader for format: Microsoft Access
2017-08-23 17:09:02|   1.2|  0.0|INFORM|Trying to find a DYNAMIC plugin for reader named `MDB_ADO'
2017-08-23 17:09:02|   1.2|  0.0|INFORM|Loaded module 'MDB_ADO' from file 'C:\Apps\FME_2015_32_bits\plugins/FME_ADO.dll'
2017-08-23 17:09:02|   1.2|  0.0|INFORM|FME API version of module 'MDB_ADO' matches current internal version (3.7 20150407)
2017-08-23 17:09:02|   1.2|  0.0|INFORM|MS Access Reader: Read 4 DEF line(s).  Found 79 attribute(s)
2017-08-23 17:09:02|   1.2|  0.0|INFORM|MS Access Reader: Opening `Y:\20. BASE_ASA\ASA\2k_ASA.mdb' for read operation
2017-08-23 17:09:02|   1.2|  0.0|WARN  |MS Access Reader: Unable to find provider 'Microsoft.ACE.OLEDB.12.0', falling back to 'Microsoft.Jet.OLEDB.4.0'. The 2007 Office System Driver might be missing from your system; follow this link for more information: http://www.microsoft.com/download/en/details.aspx?displaylang=en&id=23734
2017-08-23 17:09:04|   1.2|  0.0|INFORM|Using MultiWriter $Revision$ ( $Date$ ) with keyword `MULTI_WRITER' to output data (ID_ATTRIBUTE is `multi_writer_id')
2017-08-23 17:09:04|   1.2|  0.0|INFORM|Writer output will be ordered by value of multi_writer_id
2017-08-23 17:09:04|   1.2|  0.0|INFORM|Loaded module 'LogCount_func' from file 'C:\Apps\FME_2015_32_bits\plugins/LogCount_func.dll'
2017-08-23 17:09:04|   1.2|  0.0|INFORM|FME API version of module 'LogCount_func' matches current internal version (3.7 20150407)
2017-08-23 17:09:04|   1.3|  0.0|INFORM|Creating writer for format: FME Feature Store (FFS)
2017-08-23 17:09:04|   1.3|  0.0|INFORM|FME Configuration: No destination coordinate system set
2017-08-23 17:09:04|   1.3|  0.0|INFORM|MS Access Reader: Now reading features from table TYPE_DONNEES_ECHANGE, 10 record(s) at a time
2017-08-23 17:09:04|   1.4|  0.1|INFORM|Creating writer for format: PostgreSQL
2017-08-23 17:09:04|   1.4|  0.0|INFORM|Trying to find a DYNAMIC plugin for writer named `POSTGRES'
2017-08-23 17:09:04|   1.4|  0.0|INFORM|Loaded module 'POSTGRES' from file 'C:\Apps\FME_2015_32_bits\plugins/POSTGIS.dll'
2017-08-23 17:09:04|   1.4|  0.0|INFORM|FME API version of module 'POSTGRES' matches current internal version (3.7 20150407)
2017-08-23 17:09:04|   1.4|  0.0|INFORM|FME Configuration: No destination coordinate system set
2017-08-23 17:09:04|   1.4|  0.0|INFORM|FME API version of module 'POSTGRES' matches current internal version (3.7 20150407)
2017-08-23 17:09:04|   1.4|  0.0|INFORM|Writer `POSTGRES_1' of type `POSTGRES' using group definition keyword `POSTGRES_1_DEF'
2017-08-23 17:09:04|   1.4|  0.0|INFORM|FME API version of module 'POSTGRES' matches current internal version (3.7 20150407)
2017-08-23 17:09:04|   1.4|  0.0|INFORM|Opening POSTGRES writer for dataset 'bsd'...
2017-08-23 17:09:04|   1.4|  0.0|INFORM|PostGIS client encoding: 'UTF8'
2017-08-23 17:09:04|   1.4|  0.0|INFORM|PostgreSQL 9.3.2, compiled by Visual C++ build 1600, 64-bit
2017-08-23 17:09:05|   1.4|  0.0|INFORM|Testing for the existence of table 'bsd.type_donnees_echange'...
2017-08-23 17:09:05|   1.4|  0.0|INFORM|Dropping existing table 'bsd.type_donnees_echange'...
2017-08-23 17:09:05|   1.4|  0.0|INFORM|Creating table 'bsd.type_donnees_echange'...
2017-08-23 17:09:05|   1.4|  0.0|INFORM|POSTGRES Writer: Creating 'streaming Bulk Copy' feature type processor for feature type 'bsd.type_donnees_echange'
2017-08-23 17:09:06|   1.6|  0.2|INFORM|Committed transaction at feature '1000'
2017-08-23 17:09:06|   1.8|  0.2|INFORM|Committed transaction at feature '2000'
2017-08-23 17:09:06|   1.8|  0.1|INFORM|Reading source feature # 2500
2017-08-23 17:09:07|   1.9|  0.0|INFORM|Committed transaction at feature '3000'
2017-08-23 17:09:07|   2.1|  0.2|INFORM|Committed transaction at feature '4000'
2017-08-23 17:09:08|   2.1|  0.0|INFORM|MS Access Reader: Now reading features from table TB_PIGMA_SUIVI, 10 record(s) at a time
2017-08-23 17:09:08|   2.1|  0.0|INFORM|Testing for the existence of table 'bsd.tb_pigma_suivi'...
2017-08-23 17:09:08|   2.1|  0.0|INFORM|Dropping existing table 'bsd.tb_pigma_suivi'...
2017-08-23 17:09:08|   2.1|  0.0|INFORM|Creating table 'bsd.tb_pigma_suivi'...
2017-08-23 17:09:08|   2.1|  0.0|INFORM|POSTGRES Writer: Creating 'batched Bulk Copy' feature type processor for feature type 'bsd.tb_pigma_suivi'
2017-08-23 17:09:08|   2.2|  0.1|INFORM|Reading source feature # 5000
2017-08-23 17:09:09|   2.3|  0.1|INFORM|Committed transaction at feature '5000'
2017-08-23 17:09:09|   2.3|  0.0|INFORM|POSTGRES Writer: Promoting feature type 'bsd.tb_pigma_suivi' to streaming Bulk Copy and demoting feature type 'bsd.type_donnees_echange' for optimization
2017-08-23 17:09:09|   2.4|  0.1|INFORM|MS Access Reader: Now reading features from table ENTREPRISE, 10 record(s) at a time
2017-08-23 17:09:09|   2.4|  0.0|INFORM|Testing for the existence of table 'bsd.entreprise_contact'...
2017-08-23 17:09:09|   2.4|  0.0|INFORM|Dropping existing table 'bsd.entreprise_contact'...
2017-08-23 17:09:09|   2.4|  0.0|INFORM|Creating table 'bsd.entreprise_contact'...
2017-08-23 17:09:09|   2.4|  0.0|INFORM|POSTGRES Writer: Creating 'batched Bulk Copy' feature type processor for feature type 'bsd.entreprise_contact'
2017-08-23 17:09:10|   2.5|  0.1|INFORM|Committed transaction at feature '6000'
2017-08-23 17:09:11|   2.7|  0.2|INFORM|Committed transaction at feature '7000'
2017-08-23 17:09:11|   2.7|  0.0|INFORM|POSTGRES Writer: Promoting feature type 'bsd.entreprise_contact' to streaming Bulk Copy and demoting feature type 'bsd.tb_pigma_suivi' for optimization
2017-08-23 17:09:11|   2.9|  0.1|INFORM|Reading source feature # 7500
2017-08-23 17:09:11|   3.0|  0.1|INFORM|Committed transaction at feature '8000'
2017-08-23 17:09:12|   3.2|  0.2|INFORM|Committed transaction at feature '9000'
2017-08-23 17:09:12|   3.4|  0.2|INFORM|Reading source feature # 10000
2017-08-23 17:09:12|   3.4|  0.0|INFORM|Committed transaction at feature '10000'
2017-08-23 17:09:13|   3.6|  0.2|INFORM|Committed transaction at feature '11000'
2017-08-23 17:09:13|   3.7|  0.2|INFORM|Committed transaction at feature '12000'
2017-08-23 17:09:13|   3.8|  0.1|INFORM|Reading source feature # 12500
2017-08-23 17:09:14|   3.9|  0.1|INFORM|Committed transaction at feature '13000'
2017-08-23 17:09:14|   4.1|  0.2|INFORM|Committed transaction at feature '14000'
2017-08-23 17:09:14|   4.2|  0.1|INFORM|Reading source feature # 15000
2017-08-23 17:09:15|   4.2|  0.0|INFORM|Committed transaction at feature '15000'
2017-08-23 17:09:15|   4.4|  0.2|INFORM|Committed transaction at feature '16000'
2017-08-23 17:09:16|   4.6|  0.2|INFORM|Committed transaction at feature '17000'
2017-08-23 17:09:16|   4.7|  0.1|INFORM|Reading source feature # 17500
2017-08-23 17:09:16|   4.7|  0.1|INFORM|Committed transaction at feature '18000'
2017-08-23 17:09:16|   4.9|  0.2|INFORM|Committed transaction at feature '19000'
2017-08-23 17:09:17|   5.1|  0.2|INFORM|Reading source feature # 20000
2017-08-23 17:09:17|   5.1|  0.0|INFORM|Committed transaction at feature '20000'
2017-08-23 17:09:17|   5.3|  0.2|INFORM|Committed transaction at feature '21000'
2017-08-23 17:09:17|   5.4|  0.1|INFORM|MS Access Reader: Now reading features from table PIGMA_DONNEES_A_DISPO, 10 record(s) at a time
2017-08-23 17:09:17|   5.4|  0.0|INFORM|Testing for the existence of table 'bsd.pigma_donnees_a_dispo_init'...
2017-08-23 17:09:17|   5.4|  0.0|INFORM|Dropping existing table 'bsd.pigma_donnees_a_dispo_init'...
2017-08-23 17:09:17|   5.4|  0.0|INFORM|Creating table 'bsd.pigma_donnees_a_dispo_init'...
2017-08-23 17:09:17|   5.4|  0.0|INFORM|POSTGRES Writer: Creating 'batched Bulk Copy' feature type processor for feature type 'bsd.pigma_donnees_a_dispo_init'
2017-08-23 17:09:18|   5.4|  0.0|INFORM|Committed transaction at feature '22000'
2017-08-23 17:09:18|   5.4|  0.0|INFORM|POSTGRES Writer: Promoting feature type 'bsd.tb_pigma_suivi' to streaming Bulk Copy and demoting feature type 'bsd.entreprise_contact' for optimization
2017-08-23 17:09:18|   5.4|  0.0|INFORM|Reading source feature # 22500
2017-08-23 17:09:18|   5.5|  0.1|INFORM|Committed transaction at feature '23000'
2017-08-23 17:09:18|   5.5|  0.0|INFORM|POSTGRES Writer: Promoting feature type 'bsd.pigma_donnees_a_dispo_init' to streaming Bulk Copy and demoting feature type 'bsd.tb_pigma_suivi' for optimization
2017-08-23 17:09:18|   5.6|  0.1|INFORM|Committed transaction at feature '24000'
2017-08-23 17:09:18|   5.7|  0.1|INFORM|Reading source feature # 25000
2017-08-23 17:09:19|   5.7|  0.0|INFORM|Committed transaction at feature '25000'
2017-08-23 17:09:19|   5.9|  0.2|INFORM|Committed transaction at feature '26000'
2017-08-23 17:09:19|   6.0|  0.1|INFORM|MS Access Reader: Database read complete.  Retrieved 26684 feature(s)
2017-08-23 17:09:19|   6.0|  0.0|INFORM|Emptying factory pipeline
2017-08-23 17:09:19|   6.0|  0.0|STATS |Router and Unexpected Input Remover(RoutingFactory): Tested 26684 input feature(s), wrote 26684 output feature(s): 26684 matched merge filters, 26684 were routed to output, 0 could not be routed.
2017-08-23 17:09:19|   6.0|  0.0|STATS |Unexpected Input Remover Nuker(TeeFactory): Cloned 0 input feature(s) into 0 output feature(s)
2017-08-23 17:09:19|   6.0|  0.0|STATS |PIGMA_DONNEES_A_DISPO Feature Counter -1 11(TeeFactory): Cloned 5256 input feature(s) into 5256 output feature(s)
2017-08-23 17:09:19|   6.0|  0.0|STATS |TB_PIGMA_SUIVI Feature Counter -1 10(TeeFactory): Cloned 1622 input feature(s) into 1622 output feature(s)
2017-08-23 17:09:19|   6.0|  0.0|STATS |TYPE_DONNEES_ECHANGE Feature Counter -1 9(TeeFactory): Cloned 4133 input feature(s) into 4133 output feature(s)
2017-08-23 17:09:19|   6.0|  0.0|STATS |ENTREPRISE Feature Counter -1 12(TeeFactory): Cloned 15673 input feature(s) into 15673 output feature(s)
2017-08-23 17:09:19|   6.0|  0.0|STATS |Destination Feature Type Routing Correlator(RoutingFactory): Tested 26684 input feature(s), wrote 26684 output feature(s): 0 matched merge filters, 26684 were routed to output, 0 could not be routed.
2017-08-23 17:09:19|   6.0|  0.0|STATS |Final Output Nuker(TeeFactory): Cloned 0 input feature(s) into 0 output feature(s)
2017-08-23 17:09:19|   6.0|  0.0|INFORM|=-=-=-=-=-=-=-=-=-=-=-=-=-=-=-=-=-=-=-=-=-=-=-=-=-=-=-=-=-=-=-=-=-=-=-=-=-=-=-
2017-08-23 17:09:19|   6.0|  0.0|INFORM|Feature output statistics for `FFS' writer using keyword `W_1':
2017-08-23 17:09:19|   6.0|  0.0|STATS |=-=-=-=-=-=-=-=-=-=-=-=-=-=-=-=-=-=-=-=-=-=-=-=-=-=-=-=-=-=-=-=-=-=-=-=-=-=-=-
2017-08-23 17:09:19|   6.0|  0.0|STATS |                               Features Written
2017-08-23 17:09:19|   6.0|  0.0|STATS |=-=-=-=-=-=-=-=-=-=-=-=-=-=-=-=-=-=-=-=-=-=-=-=-=-=-=-=-=-=-=-=-=-=-=-=-=-=-=-
2017-08-23 17:09:19|   6.0|  0.0|STATS |==============================================================================
2017-08-23 17:09:19|   6.0|  0.0|STATS |Total Features Written                                                       0
2017-08-23 17:09:19|   6.0|  0.0|STATS |=-=-=-=-=-=-=-=-=-=-=-=-=-=-=-=-=-=-=-=-=-=-=-=-=-=-=-=-=-=-=-=-=-=-=-=-=-=-=-
2017-08-23 17:09:19|   6.0|  0.0|INFORM|Successfully closed POSTGRES database writer
2017-08-23 17:09:19|   6.0|  0.0|INFORM|=-=-=-=-=-=-=-=-=-=-=-=-=-=-=-=-=-=-=-=-=-=-=-=-=-=-=-=-=-=-=-=-=-=-=-=-=-=-=-
2017-08-23 17:09:19|   6.0|  0.0|INFORM|Feature output statistics for `POSTGRES' writer using keyword `POSTGRES_1':
2017-08-23 17:09:19|   6.0|  0.0|STATS |=-=-=-=-=-=-=-=-=-=-=-=-=-=-=-=-=-=-=-=-=-=-=-=-=-=-=-=-=-=-=-=-=-=-=-=-=-=-=-
2017-08-23 17:09:19|   6.0|  0.0|STATS |                               Features Written
2017-08-23 17:09:19|   6.0|  0.0|STATS |=-=-=-=-=-=-=-=-=-=-=-=-=-=-=-=-=-=-=-=-=-=-=-=-=-=-=-=-=-=-=-=-=-=-=-=-=-=-=-
2017-08-23 17:09:19|   6.0|  0.0|STATS |bsd.entreprise_contact                                                   15673
2017-08-23 17:09:19|   6.0|  0.0|STATS |bsd.pigma_donnees_a_dispo_init                                            5256
2017-08-23 17:09:19|   6.0|  0.0|STATS |bsd.tb_pigma_suivi                                                        1622
2017-08-23 17:09:19|   6.0|  0.0|STATS |bsd.type_donnees_echange                                                  4133
2017-08-23 17:09:19|   6.0|  0.0|STATS |==============================================================================
2017-08-23 17:09:19|   6.0|  0.0|STATS |Total Features Written                                                   26684
2017-08-23 17:09:19|   6.0|  0.0|STATS |=-=-=-=-=-=-=-=-=-=-=-=-=-=-=-=-=-=-=-=-=-=-=-=-=-=-=-=-=-=-=-=-=-=-=-=-=-=-=-
2017-08-23 17:09:19|   6.0|  0.0|STATS |=-=-=-=-=-=-=-=-=-=-=-=-=-=-=-=-=-=-=-=-=-=-=-=-=-=-=-=-=-=-=-=-=-=-=-=-=-=-=-
2017-08-23 17:09:19|   6.0|  0.0|STATS |                            Features Read Summary
2017-08-23 17:09:19|   6.0|  0.0|STATS |=-=-=-=-=-=-=-=-=-=-=-=-=-=-=-=-=-=-=-=-=-=-=-=-=-=-=-=-=-=-=-=-=-=-=-=-=-=-=-
2017-08-23 17:09:19|   6.0|  0.0|STATS |ENTREPRISE                                                               15673
2017-08-23 17:09:19|   6.0|  0.0|STATS |PIGMA_DONNEES_A_DISPO                                                     5256
2017-08-23 17:09:19|   6.0|  0.0|STATS |TB_PIGMA_SUIVI                                                            1622
2017-08-23 17:09:19|   6.0|  0.0|STATS |TYPE_DONNEES_ECHANGE                                                      4133
2017-08-23 17:09:19|   6.0|  0.0|STATS |==============================================================================
2017-08-23 17:09:19|   6.0|  0.0|STATS |Total Features Read                                                      26684
2017-08-23 17:09:19|   6.0|  0.0|STATS |=-=-=-=-=-=-=-=-=-=-=-=-=-=-=-=-=-=-=-=-=-=-=-=-=-=-=-=-=-=-=-=-=-=-=-=-=-=-=-
2017-08-23 17:09:19|   6.0|  0.0|STATS |=-=-=-=-=-=-=-=-=-=-=-=-=-=-=-=-=-=-=-=-=-=-=-=-=-=-=-=-=-=-=-=-=-=-=-=-=-=-=-
2017-08-23 17:09:19|   6.0|  0.0|STATS |                           Features Written Summary
2017-08-23 17:09:19|   6.0|  0.0|STATS |=-=-=-=-=-=-=-=-=-=-=-=-=-=-=-=-=-=-=-=-=-=-=-=-=-=-=-=-=-=-=-=-=-=-=-=-=-=-=-
2017-08-23 17:09:19|   6.0|  0.0|STATS |bsd.entreprise_contact                                                   15673
2017-08-23 17:09:19|   6.0|  0.0|STATS |bsd.pigma_donnees_a_dispo_init                                            5256
2017-08-23 17:09:19|   6.0|  0.0|STATS |bsd.tb_pigma_suivi                                                        1622
2017-08-23 17:09:19|   6.0|  0.0|STATS |bsd.type_donnees_echange                                                  4133
2017-08-23 17:09:19|   6.0|  0.0|STATS |==============================================================================
2017-08-23 17:09:19|   6.0|  0.0|STATS |Total Features Written                                                   26684
2017-08-23 17:09:19|   6.0|  0.0|STATS |=-=-=-=-=-=-=-=-=-=-=-=-=-=-=-=-=-=-=-=-=-=-=-=-=-=-=-=-=-=-=-=-=-=-=-=-=-=-=-
2017-08-23 17:09:19|   6.0|  0.0|INFORM|MS Access Reader: Closing `Y:\20. BASE_ASA\ASA\2k_ASA.mdb' . Read operation complete
2017-08-23 17:09:19|   6.0|  0.0|INFORM|Translation was SUCCESSFUL with 1 warning(s) (26684 feature(s) output)
2017-08-23 17:09:19|   6.0|  0.0|INFORM|FME Session Duration: 18.4 seconds. (CPU: 4.6s user, 0.3s system)
2017-08-23 17:09:19|   6.0|  0.0|INFORM|END - ProcessID: 4944, peak process memory usage: 85636 kB, current process memory usage: 85296 kB
