2017-08-23 16:22:49|   0.0|  0.0|INFORM|FME 2015.1.0.2 (20150525 - Build 15482 - WIN32)
2017-08-23 16:22:49|   0.0|  0.0|INFORM|FME_HOME is 'C:\Apps\FME_2015_32_bits\'
2017-08-23 16:22:49|   0.0|  0.0|INFORM|FME Professional Edition (node locked-crc)
2017-08-23 16:22:49|   0.0|  0.0|INFORM|Serial Number: CDFH-2GE4-10PY-9WFH
2017-08-23 16:22:49|   0.0|  0.0|INFORM|Permanent License.
2017-08-23 16:22:49|   0.0|  0.0|INFORM|Machine host name is: POLEMON
2017-08-23 16:22:49|   0.0|  0.0|INFORM|START - ProcessID: 1980, peak process memory usage: 40176 kB, current process memory usage: 40176 kB
2017-08-23 16:22:49|   0.0|  0.0|INFORM|FME Configuration: Command line arguments are `C:\Apps\FME_2015_32_bits\fme.exe' `C:/Users/tbeguey/Documents/GitHub/GIPATGeRiBSD/fme\wb-xlate-1503498169308_1236' `LOG_STANDARDOUT' `YES' `LogCountServerName' `{55e15b92-af73-443f-9254-763a1a28e7e6}'
2017-08-23 16:22:49|   0.1|  0.0|INFORM|Shared folders for formats are : C:\Apps\FME_2015_32_bits\datasources;C:\Users\tbeguey\Documents\FME\Formats
2017-08-23 16:22:49|   0.1|  0.0|INFORM|Shared folders for transformers are : C:\Apps\FME_2015_32_bits\transformers;C:\Users\tbeguey\Documents\FME\Transformers
2017-08-23 16:22:49|   0.1|  0.0|INFORM|Shared folders for coordinate systems are : C:\Users\tbeguey\Documents\FME\CoordinateSystems
2017-08-23 16:22:49|   0.1|  0.0|INFORM|Shared folders for coordinate system exceptions are : C:\Users\tbeguey\Documents\FME\CoordinateSystemExceptions
2017-08-23 16:22:49|   0.1|  0.0|INFORM|Shared folders for coordinate system grid overrides are : C:\Users\tbeguey\Documents\FME\CoordinateSystemGridOverrides
2017-08-23 16:22:49|   0.1|  0.0|INFORM|Shared folders for CS-MAP transformation exceptions are : C:\Users\tbeguey\Documents\FME\CsmapTransformationExceptions
2017-08-23 16:22:49|   0.1|  0.0|INFORM|Shared folders for transformer categories are : C:\Users\tbeguey\Documents\FME\TransformerCategories
2017-08-23 16:22:49|   0.1|  0.0|INFORM|FME Configuration: Reader Keyword is `POSTGRES_1'
2017-08-23 16:22:49|   0.1|  0.0|INFORM|FME Configuration: Writer Keyword is `MULTI_WRITER'
2017-08-23 16:22:49|   0.1|  0.0|INFORM|FME Configuration: Writer Group Definition Keyword is `MULTI_WRITER_DEF'
2017-08-23 16:22:49|   0.1|  0.0|INFORM|FME Configuration: Reader type is `POSTGRES'
2017-08-23 16:22:49|   0.1|  0.0|INFORM|FME Configuration: Writer type is `MULTI_WRITER'
2017-08-23 16:22:49|   0.1|  0.0|INFORM|FME Configuration: No destination coordinate system set
2017-08-23 16:22:49|   0.1|  0.0|INFORM|FME Configuration: Current working folder is `C:\Users\tbeguey\Documents\GitHub\GIPATGeRiBSD\fme'
2017-08-23 16:22:49|   0.1|  0.0|INFORM|FME Configuration: Temporary folder is `C:\Users\tbeguey\AppData\Local\Temp'
2017-08-23 16:22:49|   0.1|  0.0|INFORM|FME Configuration: FME_HOME is `C:\Apps\FME_2015_32_bits\'
2017-08-23 16:22:49|   0.1|  0.0|INFORM|FME Configuration: FME_BASE is 'no'
2017-08-23 16:22:49|   0.1|  0.0|INFORM|FME Configuration: FME_MF_DIR is 'C:\Users\tbeguey\Documents\GitHub\GIPATGeRiBSD\fme/'
2017-08-23 16:22:49|   0.1|  0.0|INFORM|FME Configuration: FME_MF_NAME is 'cartogip.fmw'
2017-08-23 16:22:49|   0.1|  0.0|INFORM|FME Configuration: FME_PRODUCT_NAME is 'FME(R) 2015.1.0.2'
2017-08-23 16:22:49|   0.1|  0.0|INFORM|System Status: 310.44 GB of disk space available in the FME temporary folder (C:\Users\tbeguey\AppData\Local\Temp)
2017-08-23 16:22:49|   0.1|  0.0|INFORM|System Status: 4.00 GB of virtual memory available
2017-08-23 16:22:49|   0.1|  0.0|INFORM|Operating System: Microsoft Windows 7 64-bit Service Pack 1 (Build 7601)
2017-08-23 16:22:49|   0.1|  0.0|INFORM|FME Platform: WIN32
2017-08-23 16:22:49|   0.1|  0.0|INFORM|Locale: fr_FR
2017-08-23 16:22:49|   0.1|  0.0|INFORM|Code Page: 1252  (ANSI - latin I)
2017-08-23 16:22:49|   0.1|  0.0|INFORM|FME Configuration: Process limits are 7.96 GB of physical memory and 4.00 GB of address space
2017-08-23 16:22:49|   0.1|  0.0|INFORM|FME Configuration: Start freeing memory when process usage exceeds 2.83 GB of memory or 3.41 GB of address space
2017-08-23 16:22:49|   0.1|  0.0|INFORM|FME Configuration: Stop freeing memory when process usage is below 2.12 GB of memory and 2.56 GB of address space
2017-08-23 16:22:49|   0.1|  0.0|INFORM|Creating writer for format: 
2017-08-23 16:22:49|   0.2|  0.1|INFORM|FME Configuration: Named Connection Storage: 'C:\Users\tbeguey\AppData\Roaming\Safe Software\FME'
2017-08-23 16:22:49|   0.2|  0.0|INFORM|FME Configuration: Using Named Connection values from 'cartogip@46.105.215.183:5432/gip' for POSTGRES_1
2017-08-23 16:22:49|   0.2|  0.0|INFORM|Creating reader for format: PostgreSQL
2017-08-23 16:22:49|   0.2|  0.0|INFORM|Trying to find a DYNAMIC plugin for reader named `POSTGRES'
2017-08-23 16:22:49|   0.2|  0.0|INFORM|Loaded module 'POSTGRES' from file 'C:\Apps\FME_2015_32_bits\plugins/POSTGIS.dll'
2017-08-23 16:22:49|   0.2|  0.0|INFORM|FME API version of module 'POSTGRES' matches current internal version (3.7 20150407)
2017-08-23 16:22:49|   0.2|  0.0|INFORM|Opening POSTGRES reader for dataset 'gip'
2017-08-23 16:22:51|   1.2|  1.1|INFORM|PostGIS client encoding: 'UTF8'
2017-08-23 16:22:51|   1.2|  0.0|INFORM|PostgreSQL 9.3.18 on x86_64-unknown-linux-gnu, compiled by gcc (Ubuntu 4.8.4-2ubuntu1~14.04.3) 4.8.4, 64-bit
2017-08-23 16:22:51|   1.2|  0.0|INFORM|Using MultiWriter $Revision$ ( $Date$ ) with keyword `MULTI_WRITER' to output data (ID_ATTRIBUTE is `multi_writer_id')
2017-08-23 16:22:51|   1.2|  0.0|INFORM|Writer output will be ordered by value of multi_writer_id
2017-08-23 16:22:51|   1.2|  0.0|INFORM|Loaded module 'LogCount_func' from file 'C:\Apps\FME_2015_32_bits\plugins/LogCount_func.dll'
2017-08-23 16:22:51|   1.2|  0.0|INFORM|FME API version of module 'LogCount_func' matches current internal version (3.7 20150407)
2017-08-23 16:22:51|   1.3|  0.0|INFORM|Creating writer for format: FME Feature Store (FFS)
2017-08-23 16:22:51|   1.3|  0.0|INFORM|FME Configuration: No destination coordinate system set
2017-08-23 16:22:51|   1.3|  0.0|INFORM|Reading POSTGRES table: 'administration_visionneuse.sys_info_visionnseuse_export'...
2017-08-23 16:22:51|   1.3|  0.0|INFORM|FME Configuration: Using Named Connection values from 'admpostgres@172.30.100.12:5432/bsd' for POSTGRES_2
2017-08-23 16:22:51|   1.3|  0.0|INFORM|Creating writer for format: PostgreSQL
2017-08-23 16:22:51|   1.3|  0.0|INFORM|Trying to find a DYNAMIC plugin for writer named `POSTGRES'
2017-08-23 16:22:51|   1.3|  0.0|INFORM|FME API version of module 'POSTGRES' matches current internal version (3.7 20150407)
2017-08-23 16:22:51|   1.3|  0.0|INFORM|FME Configuration: No destination coordinate system set
2017-08-23 16:22:51|   1.3|  0.0|INFORM|FME API version of module 'POSTGRES' matches current internal version (3.7 20150407)
2017-08-23 16:22:51|   1.3|  0.0|INFORM|Writer `POSTGRES_2' of type `POSTGRES' using group definition keyword `POSTGRES_2_DEF'
2017-08-23 16:22:51|   1.3|  0.0|INFORM|FME API version of module 'POSTGRES' matches current internal version (3.7 20150407)
2017-08-23 16:22:51|   1.3|  0.0|INFORM|Opening POSTGRES writer for dataset 'bsd'...
2017-08-23 16:22:51|   1.3|  0.0|INFORM|PostGIS client encoding: 'UTF8'
2017-08-23 16:22:51|   1.3|  0.0|INFORM|PostgreSQL 9.3.2, compiled by Visual C++ build 1600, 64-bit
2017-08-23 16:22:51|   1.3|  0.0|INFORM|Testing for the existence of table 'cartogip.sys_info_visionnseuse_export'...
2017-08-23 16:22:51|   1.3|  0.0|INFORM|Dropping existing table 'cartogip.sys_info_visionnseuse_export'...
2017-08-23 16:22:51|   1.3|  0.0|INFORM|Creating table 'cartogip.sys_info_visionnseuse_export'...
2017-08-23 16:22:51|   1.3|  0.0|INFORM|POSTGRES Writer: Creating 'streaming Bulk Copy' feature type processor for feature type 'cartogip.sys_info_visionnseuse_export'
2017-08-23 16:22:52|   1.4|  0.0|INFORM|Reading POSTGRES table: 'administration_visionneuse.sys_info_couche_export'...
2017-08-23 16:22:52|   1.4|  0.0|INFORM|Testing for the existence of table 'cartogip.sys_info_couche_export'...
2017-08-23 16:22:52|   1.4|  0.0|INFORM|Dropping existing table 'cartogip.sys_info_couche_export'...
2017-08-23 16:22:52|   1.4|  0.0|INFORM|Creating table 'cartogip.sys_info_couche_export'...
2017-08-23 16:22:52|   1.4|  0.0|INFORM|POSTGRES Writer: Creating 'batched Bulk Copy' feature type processor for feature type 'cartogip.sys_info_couche_export'
2017-08-23 16:22:52|   1.4|  0.0|INFORM|Committed transaction at feature '1000'
2017-08-23 16:22:52|   1.4|  0.0|INFORM|POSTGRES Writer: Promoting feature type 'cartogip.sys_info_couche_export' to streaming Bulk Copy and demoting feature type 'cartogip.sys_info_visionnseuse_export' for optimization
2017-08-23 16:22:53|   1.5|  0.1|INFORM|Reading POSTGRES table: 'administration_visionneuse.sys_info_viso_couche_chapitre_export'...
2017-08-23 16:23:02|   1.6|  0.0|INFORM|Testing for the existence of table 'cartogip.sys_info_viso_couche_chapitre_export'...
2017-08-23 16:23:02|   1.6|  0.0|INFORM|Dropping existing table 'cartogip.sys_info_viso_couche_chapitre_export'...
2017-08-23 16:23:02|   1.6|  0.0|INFORM|Creating table 'cartogip.sys_info_viso_couche_chapitre_export'...
2017-08-23 16:23:02|   1.6|  0.0|INFORM|POSTGRES Writer: Creating 'batched Bulk Copy' feature type processor for feature type 'cartogip.sys_info_viso_couche_chapitre_export'
2017-08-23 16:23:02|   1.6|  0.0|INFORM|Committed transaction at feature '2000'
2017-08-23 16:23:02|   1.6|  0.0|INFORM|Reading source feature # 2500
2017-08-23 16:23:02|   1.7|  0.1|INFORM|Committed transaction at feature '3000'
2017-08-23 16:23:02|   1.7|  0.0|INFORM|POSTGRES Writer: Promoting feature type 'cartogip.sys_info_viso_couche_chapitre_export' to streaming Bulk Copy and demoting feature type 'cartogip.sys_info_couche_export' for optimization
2017-08-23 16:23:02|   1.8|  0.1|INFORM|Committed transaction at feature '4000'
2017-08-23 16:23:02|   1.9|  0.1|INFORM|Reading source feature # 5000
2017-08-23 16:23:02|   1.9|  0.0|INFORM|Committed transaction at feature '5000'
2017-08-23 16:23:03|   2.0|  0.1|INFORM|Committed transaction at feature '6000'
2017-08-23 16:23:03|   2.1|  0.1|INFORM|Reading POSTGRES table: 'administration_visionneuse.sys_info_visio_couche_export'...
2017-08-23 16:23:11|   2.1|  0.0|INFORM|Testing for the existence of table 'cartogip.sys_info_visio_couche_export'...
2017-08-23 16:23:11|   2.1|  0.0|INFORM|Dropping existing table 'cartogip.sys_info_visio_couche_export'...
2017-08-23 16:23:11|   2.1|  0.0|INFORM|Creating table 'cartogip.sys_info_visio_couche_export'...
2017-08-23 16:23:11|   2.1|  0.0|INFORM|POSTGRES Writer: Creating 'batched Bulk Copy' feature type processor for feature type 'cartogip.sys_info_visio_couche_export'
2017-08-23 16:23:12|   2.2|  0.0|INFORM|Committed transaction at feature '7000'
2017-08-23 16:23:12|   2.2|  0.0|INFORM|POSTGRES Writer: Promoting feature type 'cartogip.sys_info_couche_export' to streaming Bulk Copy and demoting feature type 'cartogip.sys_info_viso_couche_chapitre_export' for optimization
2017-08-23 16:23:12|   2.2|  0.0|INFORM|Reading source feature # 7500
2017-08-23 16:23:12|   2.3|  0.1|INFORM|Committed transaction at feature '8000'
2017-08-23 16:23:12|   2.3|  0.0|INFORM|POSTGRES Writer: Promoting feature type 'cartogip.sys_info_visio_couche_export' to streaming Bulk Copy and demoting feature type 'cartogip.sys_info_couche_export' for optimization
2017-08-23 16:23:12|   2.4|  0.1|INFORM|Committed transaction at feature '9000'
2017-08-23 16:23:12|   2.5|  0.1|INFORM|Reading source feature # 10000
2017-08-23 16:23:12|   2.5|  0.0|INFORM|Committed transaction at feature '10000'
2017-08-23 16:23:12|   2.6|  0.1|INFORM|Committed transaction at feature '11000'
2017-08-23 16:23:13|   2.6|  0.0|INFORM|Reading POSTGRES table: 'administration_visionneuse.couche'...
2017-08-23 16:23:23|   2.7|  0.0|INFORM|Testing for the existence of table 'cartogip.couche_init'...
2017-08-23 16:23:23|   2.7|  0.0|INFORM|Creating table 'cartogip.couche_init'...
2017-08-23 16:23:23|   2.7|  0.0|INFORM|POSTGRES Writer: Creating 'batched Bulk Copy' feature type processor for feature type 'cartogip.couche_init'
2017-08-23 16:23:23|   2.9|  0.2|INFORM|Committed transaction at feature '12000'
2017-08-23 16:23:23|   2.9|  0.0|INFORM|POSTGRES Writer: Promoting feature type 'cartogip.sys_info_couche_export' to streaming Bulk Copy and demoting feature type 'cartogip.sys_info_visio_couche_export' for optimization
2017-08-23 16:23:23|   3.0|  0.1|INFORM|Reading source feature # 12500
2017-08-23 16:23:23|   3.1|  0.1|INFORM|Committed transaction at feature '13000'
2017-08-23 16:23:23|   3.1|  0.0|INFORM|POSTGRES Writer: Promoting feature type 'cartogip.couche_init' to streaming Bulk Copy and demoting feature type 'cartogip.sys_info_couche_export' for optimization
2017-08-23 16:23:24|   3.2|  0.1|INFORM|Emptying factory pipeline
2017-08-23 16:23:24|   3.2|  0.0|STATS |Router and Unexpected Input Remover(RoutingFactory): Tested 13361 input feature(s), wrote 13361 output feature(s): 13361 matched merge filters, 13361 were routed to output, 0 could not be routed.
2017-08-23 16:23:24|   3.2|  0.0|STATS |Unexpected Input Remover Nuker(TeeFactory): Cloned 0 input feature(s) into 0 output feature(s)
2017-08-23 16:23:24|   3.2|  0.0|STATS |administration_visionneuse.sys_info_visionnseuse_export Feature Counter -1 12(TeeFactory): Cloned 111 input feature(s) into 111 output feature(s)
2017-08-23 16:23:24|   3.2|  0.0|STATS |administration_visionneuse.sys_info_visio_couche_export Feature Counter -1 13(TeeFactory): Cloned 4612 input feature(s) into 4612 output feature(s)
2017-08-23 16:23:24|   3.2|  0.0|STATS |administration_visionneuse.sys_info_viso_couche_chapitre_export Feature Counter -1 11(TeeFactory): Cloned 4624 input feature(s) into 4624 output feature(s)
2017-08-23 16:23:24|   3.2|  0.0|STATS |administration_visionneuse.sys_info_couche_export Feature Counter -1 14(TeeFactory): Cloned 1816 input feature(s) into 1816 output feature(s)
2017-08-23 16:23:24|   3.2|  0.0|STATS |administration_visionneuse.couche Feature Counter -1 15(TeeFactory): Cloned 2198 input feature(s) into 2198 output feature(s)
2017-08-23 16:23:24|   3.2|  0.0|STATS |Destination Feature Type Routing Correlator(RoutingFactory): Tested 13361 input feature(s), wrote 13361 output feature(s): 0 matched merge filters, 13361 were routed to output, 0 could not be routed.
2017-08-23 16:23:24|   3.2|  0.0|STATS |Final Output Nuker(TeeFactory): Cloned 0 input feature(s) into 0 output feature(s)
2017-08-23 16:23:24|   3.2|  0.0|INFORM|=-=-=-=-=-=-=-=-=-=-=-=-=-=-=-=-=-=-=-=-=-=-=-=-=-=-=-=-=-=-=-=-=-=-=-=-=-=-=-
2017-08-23 16:23:24|   3.2|  0.0|INFORM|Feature output statistics for `FFS' writer using keyword `W_1':
2017-08-23 16:23:24|   3.2|  0.0|STATS |=-=-=-=-=-=-=-=-=-=-=-=-=-=-=-=-=-=-=-=-=-=-=-=-=-=-=-=-=-=-=-=-=-=-=-=-=-=-=-
2017-08-23 16:23:24|   3.2|  0.0|STATS |                               Features Written
2017-08-23 16:23:24|   3.2|  0.0|STATS |=-=-=-=-=-=-=-=-=-=-=-=-=-=-=-=-=-=-=-=-=-=-=-=-=-=-=-=-=-=-=-=-=-=-=-=-=-=-=-
2017-08-23 16:23:24|   3.2|  0.0|STATS |==============================================================================
2017-08-23 16:23:24|   3.2|  0.0|STATS |Total Features Written                                                       0
2017-08-23 16:23:24|   3.2|  0.0|STATS |=-=-=-=-=-=-=-=-=-=-=-=-=-=-=-=-=-=-=-=-=-=-=-=-=-=-=-=-=-=-=-=-=-=-=-=-=-=-=-
2017-08-23 16:23:24|   3.2|  0.0|INFORM|Successfully closed POSTGRES database writer
2017-08-23 16:23:24|   3.2|  0.0|INFORM|=-=-=-=-=-=-=-=-=-=-=-=-=-=-=-=-=-=-=-=-=-=-=-=-=-=-=-=-=-=-=-=-=-=-=-=-=-=-=-
2017-08-23 16:23:24|   3.2|  0.0|INFORM|Feature output statistics for `POSTGRES' writer using keyword `POSTGRES_2':
2017-08-23 16:23:24|   3.2|  0.0|STATS |=-=-=-=-=-=-=-=-=-=-=-=-=-=-=-=-=-=-=-=-=-=-=-=-=-=-=-=-=-=-=-=-=-=-=-=-=-=-=-
2017-08-23 16:23:24|   3.2|  0.0|STATS |                               Features Written
2017-08-23 16:23:24|   3.2|  0.0|STATS |=-=-=-=-=-=-=-=-=-=-=-=-=-=-=-=-=-=-=-=-=-=-=-=-=-=-=-=-=-=-=-=-=-=-=-=-=-=-=-
2017-08-23 16:23:24|   3.2|  0.0|STATS |cartogip.couche_init                                                      2198
2017-08-23 16:23:24|   3.2|  0.0|STATS |cartogip.sys_info_couche_export                                           1816
2017-08-23 16:23:24|   3.2|  0.0|STATS |cartogip.sys_info_visio_couche_export                                     4612
2017-08-23 16:23:24|   3.2|  0.0|STATS |cartogip.sys_info_visionnseuse_export                                      111
2017-08-23 16:23:24|   3.2|  0.0|STATS |cartogip.sys_info_viso_couche_chapitre_export                             4624
2017-08-23 16:23:24|   3.2|  0.0|STATS |==============================================================================
2017-08-23 16:23:24|   3.2|  0.0|STATS |Total Features Written                                                   13361
2017-08-23 16:23:24|   3.2|  0.0|STATS |=-=-=-=-=-=-=-=-=-=-=-=-=-=-=-=-=-=-=-=-=-=-=-=-=-=-=-=-=-=-=-=-=-=-=-=-=-=-=-
2017-08-23 16:23:24|   3.2|  0.0|STATS |=-=-=-=-=-=-=-=-=-=-=-=-=-=-=-=-=-=-=-=-=-=-=-=-=-=-=-=-=-=-=-=-=-=-=-=-=-=-=-
2017-08-23 16:23:24|   3.2|  0.0|STATS |                            Features Read Summary
2017-08-23 16:23:24|   3.2|  0.0|STATS |=-=-=-=-=-=-=-=-=-=-=-=-=-=-=-=-=-=-=-=-=-=-=-=-=-=-=-=-=-=-=-=-=-=-=-=-=-=-=-
2017-08-23 16:23:24|   3.2|  0.0|STATS |administration_visionneuse.couche                                         2198
2017-08-23 16:23:24|   3.2|  0.0|STATS |administration_visionneuse.sys_info_couche_export                         1816
2017-08-23 16:23:24|   3.2|  0.0|STATS |administration_visionneuse.sys_info_visio_couche_export                   4612
2017-08-23 16:23:24|   3.2|  0.0|STATS |administration_visionneuse.sys_info_visionnseuse_export                    111
2017-08-23 16:23:24|   3.2|  0.0|STATS |administration_visionneuse.sys_info_viso_couche_chapitre_export           4624
2017-08-23 16:23:24|   3.2|  0.0|STATS |==============================================================================
2017-08-23 16:23:24|   3.2|  0.0|STATS |Total Features Read                                                      13361
2017-08-23 16:23:24|   3.2|  0.0|STATS |=-=-=-=-=-=-=-=-=-=-=-=-=-=-=-=-=-=-=-=-=-=-=-=-=-=-=-=-=-=-=-=-=-=-=-=-=-=-=-
2017-08-23 16:23:24|   3.2|  0.0|STATS |=-=-=-=-=-=-=-=-=-=-=-=-=-=-=-=-=-=-=-=-=-=-=-=-=-=-=-=-=-=-=-=-=-=-=-=-=-=-=-
2017-08-23 16:23:24|   3.2|  0.0|STATS |                           Features Written Summary
2017-08-23 16:23:24|   3.2|  0.0|STATS |=-=-=-=-=-=-=-=-=-=-=-=-=-=-=-=-=-=-=-=-=-=-=-=-=-=-=-=-=-=-=-=-=-=-=-=-=-=-=-
2017-08-23 16:23:24|   3.2|  0.0|STATS |cartogip.couche_init                                                      2198
2017-08-23 16:23:24|   3.2|  0.0|STATS |cartogip.sys_info_couche_export                                           1816
2017-08-23 16:23:24|   3.2|  0.0|STATS |cartogip.sys_info_visio_couche_export                                     4612
2017-08-23 16:23:24|   3.2|  0.0|STATS |cartogip.sys_info_visionnseuse_export                                      111
2017-08-23 16:23:24|   3.2|  0.0|STATS |cartogip.sys_info_viso_couche_chapitre_export                             4624
2017-08-23 16:23:24|   3.2|  0.0|STATS |==============================================================================
2017-08-23 16:23:24|   3.2|  0.0|STATS |Total Features Written                                                   13361
2017-08-23 16:23:24|   3.2|  0.0|STATS |=-=-=-=-=-=-=-=-=-=-=-=-=-=-=-=-=-=-=-=-=-=-=-=-=-=-=-=-=-=-=-=-=-=-=-=-=-=-=-
2017-08-23 16:23:24|   3.2|  0.0|INFORM|Successfully closed POSTGRES database reader
2017-08-23 16:23:24|   3.2|  0.0|INFORM|Successfully closed POSTGRES database reader
2017-08-23 16:23:24|   3.2|  0.0|INFORM|Translation was SUCCESSFUL with 0 warning(s) (13361 feature(s) output)
2017-08-23 16:23:24|   3.2|  0.0|INFORM|FME Session Duration: 34.4 seconds. (CPU: 2.9s user, 0.3s system)
2017-08-23 16:23:24|   3.2|  0.0|INFORM|END - ProcessID: 1980, peak process memory usage: 73068 kB, current process memory usage: 72964 kB
