2017-06-07 13:25:39|   1.1|  1.1|INFORM|FME 2015.1.0.2 (20150525 - Build 15482 - WIN32)
2017-06-07 13:25:39|   1.1|  0.0|INFORM|FME_HOME is 'C:\apps\FME_2015_32_bits\'
2017-06-07 13:25:39|   1.1|  0.0|INFORM|FME Professional Edition (node locked-crc)
2017-06-07 13:25:39|   1.1|  0.0|INFORM|Serial Number: CDFH-2GE4-10PY-9WFH
2017-06-07 13:25:39|   1.1|  0.0|INFORM|Permanent License.
2017-06-07 13:25:39|   1.1|  0.0|INFORM|Machine host name is: POLEMON
2017-06-07 13:25:39|   1.1|  0.0|INFORM|START - ProcessID: 9608, peak process memory usage: 40352 kB, current process memory usage: 40352 kB
2017-06-07 13:25:39|   1.1|  0.0|INFORM|FME Configuration: Command line arguments are `C:\apps\FME_2015_32_bits\fme.exe' `C:/Users/tbeguey/Documents/GitHub/GIPATGeRiBSD/fme\wb-xlate-1496834737304_9420' `LOG_STANDARDOUT' `YES' `LogCountServerName' `{a98fe7df-e8e0-4a32-9cb3-1609df8a023e}'
2017-06-07 13:25:39|   1.2|  0.1|INFORM|Shared folders for formats are : C:\apps\FME_2015_32_bits\datasources;C:\Users\tbeguey\Documents\FME\Formats
2017-06-07 13:25:39|   1.2|  0.0|INFORM|Shared folders for transformers are : C:\apps\FME_2015_32_bits\transformers;C:\Users\tbeguey\Documents\FME\Transformers
2017-06-07 13:25:39|   1.2|  0.0|INFORM|Shared folders for coordinate systems are : C:\Users\tbeguey\Documents\FME\CoordinateSystems
2017-06-07 13:25:39|   1.2|  0.0|INFORM|Shared folders for coordinate system exceptions are : C:\Users\tbeguey\Documents\FME\CoordinateSystemExceptions
2017-06-07 13:25:39|   1.2|  0.0|INFORM|Shared folders for coordinate system grid overrides are : C:\Users\tbeguey\Documents\FME\CoordinateSystemGridOverrides
2017-06-07 13:25:39|   1.2|  0.0|INFORM|Shared folders for CS-MAP transformation exceptions are : C:\Users\tbeguey\Documents\FME\CsmapTransformationExceptions
2017-06-07 13:25:39|   1.2|  0.0|INFORM|Shared folders for transformer categories are : C:\Users\tbeguey\Documents\FME\TransformerCategories
2017-06-07 13:25:39|   1.2|  0.0|INFORM|FME Configuration: Reader Keyword is `POSTGRES_1'
2017-06-07 13:25:39|   1.2|  0.0|INFORM|FME Configuration: Writer Keyword is `MULTI_WRITER'
2017-06-07 13:25:39|   1.2|  0.0|INFORM|FME Configuration: Writer Group Definition Keyword is `MULTI_WRITER_DEF'
2017-06-07 13:25:39|   1.2|  0.0|INFORM|FME Configuration: Reader type is `POSTGRES'
2017-06-07 13:25:39|   1.2|  0.0|INFORM|FME Configuration: Writer type is `MULTI_WRITER'
2017-06-07 13:25:39|   1.2|  0.0|INFORM|FME Configuration: No destination coordinate system set
2017-06-07 13:25:39|   1.2|  0.0|INFORM|FME Configuration: Current working folder is `C:\Users\tbeguey\Documents\GitHub\GIPATGeRiBSD\fme'
2017-06-07 13:25:39|   1.2|  0.0|INFORM|FME Configuration: Temporary folder is `C:\Users\tbeguey\AppData\Local\Temp'
2017-06-07 13:25:39|   1.2|  0.0|INFORM|FME Configuration: FME_HOME is `C:\apps\FME_2015_32_bits\'
2017-06-07 13:25:39|   1.2|  0.0|INFORM|FME Configuration: FME_BASE is 'no'
2017-06-07 13:25:39|   1.2|  0.0|INFORM|FME Configuration: FME_MF_DIR is 'C:\Users\tbeguey\Documents\GitHub\GIPATGeRiBSD\fme/'
2017-06-07 13:25:39|   1.2|  0.0|INFORM|FME Configuration: FME_MF_NAME is 'geonetwork.fmw'
2017-06-07 13:25:39|   1.2|  0.0|INFORM|FME Configuration: FME_PRODUCT_NAME is 'FME(R) 2015.1.0.2'
2017-06-07 13:25:39|   1.2|  0.0|INFORM|System Status: 313.36 GB of disk space available in the FME temporary folder (C:\Users\tbeguey\AppData\Local\Temp)
2017-06-07 13:25:39|   1.2|  0.0|INFORM|System Status: 4.00 GB of virtual memory available
2017-06-07 13:25:39|   1.2|  0.0|INFORM|Operating System: Microsoft Windows 7 64-bit Service Pack 1 (Build 7601)
2017-06-07 13:25:39|   1.2|  0.0|INFORM|FME Platform: WIN32
2017-06-07 13:25:39|   1.2|  0.0|INFORM|Locale: fr_FR
2017-06-07 13:25:39|   1.2|  0.0|INFORM|Code Page: 1252  (ANSI - latin I)
2017-06-07 13:25:39|   1.2|  0.0|INFORM|FME Configuration: Process limits are 7.96 GB of physical memory and 4.00 GB of address space
2017-06-07 13:25:39|   1.2|  0.0|INFORM|FME Configuration: Start freeing memory when process usage exceeds 2.83 GB of memory or 3.41 GB of address space
2017-06-07 13:25:39|   1.2|  0.0|INFORM|FME Configuration: Stop freeing memory when process usage is below 2.12 GB of memory and 2.56 GB of address space
2017-06-07 13:25:39|   1.2|  0.0|INFORM|Creating writer for format: 
2017-06-07 13:25:39|   1.2|  0.1|INFORM|Creating reader for format: PostgreSQL
2017-06-07 13:25:39|   1.3|  0.0|INFORM|Trying to find a DYNAMIC plugin for reader named `POSTGRES'
2017-06-07 13:25:39|   1.3|  0.0|INFORM|Loaded module 'POSTGRES' from file 'C:\apps\FME_2015_32_bits\plugins/POSTGIS.dll'
2017-06-07 13:25:39|   1.3|  0.0|INFORM|FME API version of module 'POSTGRES' matches current internal version (3.7 20150407)
2017-06-07 13:25:39|   1.3|  0.0|INFORM|Opening POSTGRES reader for dataset 'georchestra'
2017-06-07 13:25:39|   1.4|  0.1|INFORM|PostGIS client encoding: 'UTF8'
2017-06-07 13:25:40|   1.4|  0.0|INFORM|PostgreSQL 9.5.6 on x86_64-pc-linux-gnu, compiled by gcc (Debian 4.9.2-10) 4.9.2, 64-bit
2017-06-07 13:25:40|   1.4|  0.0|INFORM|Using MultiWriter $Revision$ ( $Date$ ) with keyword `MULTI_WRITER' to output data (ID_ATTRIBUTE is `multi_writer_id')
2017-06-07 13:25:40|   1.4|  0.0|INFORM|Writer output will be ordered by value of multi_writer_id
2017-06-07 13:25:40|   1.4|  0.0|INFORM|Loaded module 'LogCount_func' from file 'C:\apps\FME_2015_32_bits\plugins/LogCount_func.dll'
2017-06-07 13:25:40|   1.5|  0.0|INFORM|FME API version of module 'LogCount_func' matches current internal version (3.7 20150407)
2017-06-07 13:25:40|   1.5|  0.0|INFORM|Creating writer for format: FME Feature Store (FFS)
2017-06-07 13:25:40|   1.5|  0.0|INFORM|FME Configuration: No destination coordinate system set
2017-06-07 13:25:40|   1.5|  0.0|INFORM|Reading POSTGRES table: 'geonetwork.metadata'...
2017-06-07 13:54:01|  11.3|  9.8|INFORM|Creating writer for format: PostgreSQL
2017-06-07 13:54:01|  11.3|  0.0|INFORM|Trying to find a DYNAMIC plugin for writer named `POSTGRES'
2017-06-07 13:54:01|  11.3|  0.0|INFORM|FME API version of module 'POSTGRES' matches current internal version (3.7 20150407)
2017-06-07 13:54:01|  11.3|  0.0|INFORM|FME Configuration: No destination coordinate system set
2017-06-07 13:54:01|  11.3|  0.0|INFORM|FME API version of module 'POSTGRES' matches current internal version (3.7 20150407)
2017-06-07 13:54:01|  11.3|  0.0|INFORM|Writer `POSTGRES_2' of type `POSTGRES' using group definition keyword `POSTGRES_2_DEF'
2017-06-07 13:54:01|  11.3|  0.0|INFORM|FME API version of module 'POSTGRES' matches current internal version (3.7 20150407)
2017-06-07 13:54:01|  11.3|  0.0|INFORM|Opening POSTGRES writer for dataset 'bsd'...
2017-06-07 13:54:01|  11.3|  0.0|INFORM|PostGIS client encoding: 'UTF8'
2017-06-07 13:54:01|  11.3|  0.0|INFORM|PostgreSQL 9.3.2, compiled by Visual C++ build 1600, 64-bit
2017-06-07 13:54:01|  11.3|  0.0|WARN  |Multiple primary keys specified in definition for table 'metadata_init'. Only one primary key can be specified per table. Discarding primary key request for column 'uuid'
2017-06-07 13:54:01|  11.3|  0.0|INFORM|Testing for the existence of table 'geonetwork.metadata_init'...
2017-06-07 13:54:01|  11.3|  0.0|INFORM|Dropping existing table 'geonetwork.metadata_init'...
2017-06-07 13:54:01|  11.3|  0.0|INFORM|Creating table 'geonetwork.metadata_init'...
2017-06-07 13:54:01|  11.3|  0.0|INFORM|POSTGRES Writer: Creating 'streaming Bulk Copy' feature type processor for feature type 'geonetwork.metadata_init'
2017-06-07 13:54:33|  15.2|  3.9|INFORM|Committed transaction at feature '1000'
2017-06-07 13:56:20|  19.7|  4.5|INFORM|Committed transaction at feature '2000'
2017-06-07 13:58:20|  23.8|  4.1|INFORM|Reading source feature # 2500
2017-06-07 13:59:03|  25.5|  1.7|INFORM|Committed transaction at feature '3000'
2017-06-07 14:00:01|  27.7|  2.2|INFORM|Committed transaction at feature '4000'
2017-06-07 14:00:38|  31.6|  3.9|INFORM|Reading source feature # 5000
2017-06-07 14:00:38|  31.6|  0.0|INFORM|Committed transaction at feature '5000'
2017-06-07 14:01:19|  35.5|  3.9|INFORM|Committed transaction at feature '6000'
2017-06-07 14:02:35|  40.9|  5.4|INFORM|Committed transaction at feature '7000'
2017-06-07 14:03:47|  44.1|  3.2|INFORM|Reading source feature # 7500
2017-06-07 14:05:34|  50.0|  5.9|INFORM|Committed transaction at feature '8000'
2017-06-07 14:08:49|  76.5| 26.5|INFORM|Committed transaction at feature '9000'
2017-06-07 14:10:43|  87.1| 10.7|INFORM|Emptying factory pipeline
2017-06-07 14:10:43|  87.1|  0.0|STATS |Router and Unexpected Input Remover(RoutingFactory): Tested 9759 input feature(s), wrote 9759 output feature(s): 9759 matched merge filters, 9759 were routed to output, 0 could not be routed.
2017-06-07 14:10:43|  87.1|  0.0|STATS |Unexpected Input Remover Nuker(TeeFactory): Cloned 0 input feature(s) into 0 output feature(s)
2017-06-07 14:10:43|  87.1|  0.0|STATS |geonetwork.metadata Feature Counter -1 3(TeeFactory): Cloned 9759 input feature(s) into 9759 output feature(s)
2017-06-07 14:10:43|  87.1|  0.0|STATS |Destination Feature Type Routing Correlator(RoutingFactory): Tested 9759 input feature(s), wrote 9759 output feature(s): 0 matched merge filters, 9759 were routed to output, 0 could not be routed.
2017-06-07 14:10:43|  87.1|  0.0|STATS |Final Output Nuker(TeeFactory): Cloned 0 input feature(s) into 0 output feature(s)
2017-06-07 14:10:43|  87.1|  0.0|INFORM|=-=-=-=-=-=-=-=-=-=-=-=-=-=-=-=-=-=-=-=-=-=-=-=-=-=-=-=-=-=-=-=-=-=-=-=-=-=-=-
2017-06-07 14:10:43|  87.1|  0.0|INFORM|Feature output statistics for `FFS' writer using keyword `W_1':
2017-06-07 14:10:43|  87.1|  0.0|STATS |=-=-=-=-=-=-=-=-=-=-=-=-=-=-=-=-=-=-=-=-=-=-=-=-=-=-=-=-=-=-=-=-=-=-=-=-=-=-=-
2017-06-07 14:10:43|  87.1|  0.0|STATS |                               Features Written
2017-06-07 14:10:43|  87.1|  0.0|STATS |=-=-=-=-=-=-=-=-=-=-=-=-=-=-=-=-=-=-=-=-=-=-=-=-=-=-=-=-=-=-=-=-=-=-=-=-=-=-=-
2017-06-07 14:10:43|  87.1|  0.0|STATS |==============================================================================
2017-06-07 14:10:43|  87.1|  0.0|STATS |Total Features Written                                                       0
2017-06-07 14:10:43|  87.1|  0.0|STATS |=-=-=-=-=-=-=-=-=-=-=-=-=-=-=-=-=-=-=-=-=-=-=-=-=-=-=-=-=-=-=-=-=-=-=-=-=-=-=-
2017-06-07 14:10:43|  87.1|  0.0|INFORM|Creating 'BTREE' index on column "source" of table 'geonetwork.metadata_init'...
2017-06-07 14:10:43|  87.1|  0.0|INFORM|Creating 'BTREE' index on column "owner" of table 'geonetwork.metadata_init'...
2017-06-07 14:10:43|  87.2|  0.0|INFORM|Successfully closed POSTGRES database writer
2017-06-07 14:10:43|  87.2|  0.0|INFORM|=-=-=-=-=-=-=-=-=-=-=-=-=-=-=-=-=-=-=-=-=-=-=-=-=-=-=-=-=-=-=-=-=-=-=-=-=-=-=-
2017-06-07 14:10:43|  87.2|  0.0|INFORM|Feature output statistics for `POSTGRES' writer using keyword `POSTGRES_2':
2017-06-07 14:10:43|  87.2|  0.0|STATS |=-=-=-=-=-=-=-=-=-=-=-=-=-=-=-=-=-=-=-=-=-=-=-=-=-=-=-=-=-=-=-=-=-=-=-=-=-=-=-
2017-06-07 14:10:43|  87.2|  0.0|STATS |                               Features Written
2017-06-07 14:10:43|  87.2|  0.0|STATS |=-=-=-=-=-=-=-=-=-=-=-=-=-=-=-=-=-=-=-=-=-=-=-=-=-=-=-=-=-=-=-=-=-=-=-=-=-=-=-
2017-06-07 14:10:43|  87.2|  0.0|STATS |geonetwork.metadata_init                                                  9759
2017-06-07 14:10:43|  87.2|  0.0|STATS |==============================================================================
2017-06-07 14:10:43|  87.2|  0.0|STATS |Total Features Written                                                    9759
2017-06-07 14:10:43|  87.2|  0.0|STATS |=-=-=-=-=-=-=-=-=-=-=-=-=-=-=-=-=-=-=-=-=-=-=-=-=-=-=-=-=-=-=-=-=-=-=-=-=-=-=-
2017-06-07 14:10:43|  87.2|  0.0|STATS |=-=-=-=-=-=-=-=-=-=-=-=-=-=-=-=-=-=-=-=-=-=-=-=-=-=-=-=-=-=-=-=-=-=-=-=-=-=-=-
2017-06-07 14:10:43|  87.2|  0.0|STATS |                            Features Read Summary
2017-06-07 14:10:43|  87.2|  0.0|STATS |=-=-=-=-=-=-=-=-=-=-=-=-=-=-=-=-=-=-=-=-=-=-=-=-=-=-=-=-=-=-=-=-=-=-=-=-=-=-=-
2017-06-07 14:10:43|  87.2|  0.0|STATS |geonetwork.metadata                                                       9759
2017-06-07 14:10:43|  87.2|  0.0|STATS |==============================================================================
2017-06-07 14:10:43|  87.2|  0.0|STATS |Total Features Read                                                       9759
2017-06-07 14:10:43|  87.2|  0.0|STATS |=-=-=-=-=-=-=-=-=-=-=-=-=-=-=-=-=-=-=-=-=-=-=-=-=-=-=-=-=-=-=-=-=-=-=-=-=-=-=-
2017-06-07 14:10:43|  87.2|  0.0|STATS |=-=-=-=-=-=-=-=-=-=-=-=-=-=-=-=-=-=-=-=-=-=-=-=-=-=-=-=-=-=-=-=-=-=-=-=-=-=-=-
2017-06-07 14:10:43|  87.2|  0.0|STATS |                           Features Written Summary
2017-06-07 14:10:43|  87.2|  0.0|STATS |=-=-=-=-=-=-=-=-=-=-=-=-=-=-=-=-=-=-=-=-=-=-=-=-=-=-=-=-=-=-=-=-=-=-=-=-=-=-=-
2017-06-07 14:10:43|  87.2|  0.0|STATS |geonetwork.metadata_init                                                  9759
2017-06-07 14:10:43|  87.2|  0.0|STATS |==============================================================================
2017-06-07 14:10:43|  87.2|  0.0|STATS |Total Features Written                                                    9759
2017-06-07 14:10:43|  87.2|  0.0|STATS |=-=-=-=-=-=-=-=-=-=-=-=-=-=-=-=-=-=-=-=-=-=-=-=-=-=-=-=-=-=-=-=-=-=-=-=-=-=-=-
2017-06-07 14:10:43|  87.2|  0.0|INFORM|Successfully closed POSTGRES database reader
2017-06-07 14:10:43|  87.2|  0.0|INFORM|Successfully closed POSTGRES database reader
2017-06-07 14:10:43|  87.2|  0.0|INFORM|Translation was SUCCESSFUL with 1 warning(s) (9759 feature(s) output)
2017-06-07 14:10:43|  87.2|  0.0|INFORM|FME Session Duration: 45 minutes 5.3 seconds. (CPU: 82.0s user, 4.0s system)
2017-06-07 14:10:43|  87.2|  0.0|INFORM|END - ProcessID: 9608, peak process memory usage: 320612 kB, current process memory usage: 82544 kB
